mode: set
github.com/18f/cf-domain-broker/le-providers/client.go:24.162,39.16 6 1
github.com/18f/cf-domain-broker/le-providers/client.go:45.2,46.30 2 1
github.com/18f/cf-domain-broker/le-providers/client.go:49.2,53.145 2 1
github.com/18f/cf-domain-broker/le-providers/client.go:58.2,60.15 2 1
github.com/18f/cf-domain-broker/le-providers/client.go:39.16,42.3 2 1
github.com/18f/cf-domain-broker/le-providers/client.go:46.30,48.3 1 0
github.com/18f/cf-domain-broker/le-providers/client.go:53.145,56.3 2 0
github.com/18f/cf-domain-broker/le-providers/client.go:63.103,67.55 3 0
github.com/18f/cf-domain-broker/le-providers/client.go:106.2,106.29 1 0
github.com/18f/cf-domain-broker/le-providers/client.go:113.2,113.29 1 0
github.com/18f/cf-domain-broker/le-providers/client.go:121.2,126.34 3 0
github.com/18f/cf-domain-broker/le-providers/client.go:131.2,136.19 2 0
github.com/18f/cf-domain-broker/le-providers/client.go:67.55,80.17 7 0
github.com/18f/cf-domain-broker/le-providers/client.go:86.3,86.29 1 0
github.com/18f/cf-domain-broker/le-providers/client.go:91.3,91.46 1 0
github.com/18f/cf-domain-broker/le-providers/client.go:80.17,83.4 2 0
github.com/18f/cf-domain-broker/le-providers/client.go:86.29,88.12 2 0
github.com/18f/cf-domain-broker/le-providers/client.go:91.46,93.27 1 0
github.com/18f/cf-domain-broker/le-providers/client.go:93.27,94.28 1 0
github.com/18f/cf-domain-broker/le-providers/client.go:94.28,99.6 2 0
github.com/18f/cf-domain-broker/le-providers/client.go:106.29,107.8 1 0
github.com/18f/cf-domain-broker/le-providers/client.go:107.8,109.4 1 0
github.com/18f/cf-domain-broker/le-providers/client.go:109.9,111.4 1 0
github.com/18f/cf-domain-broker/le-providers/client.go:113.29,114.13 1 0
github.com/18f/cf-domain-broker/le-providers/client.go:114.13,116.4 1 0
github.com/18f/cf-domain-broker/le-providers/client.go:116.9,118.4 1 0
github.com/18f/cf-domain-broker/le-providers/client.go:126.34,127.58 1 0
github.com/18f/cf-domain-broker/le-providers/client.go:127.58,129.4 1 0
github.com/18f/cf-domain-broker/le-providers/dns.go:21.73,23.2 1 0
github.com/18f/cf-domain-broker/le-providers/dns.go:26.79,28.2 1 0
github.com/18f/cf-domain-broker/le-providers/dns.go:43.42,53.16 9 0
github.com/18f/cf-domain-broker/le-providers/dns.go:57.2,57.19 1 0
github.com/18f/cf-domain-broker/le-providers/dns.go:53.16,55.13 1 0
github.com/18f/cf-domain-broker/le-providers/dns.go:61.80,67.23 1 0
github.com/18f/cf-domain-broker/le-providers/dns.go:70.2,70.12 1 0
github.com/18f/cf-domain-broker/le-providers/dns.go:67.23,69.3 1 0
github.com/18f/cf-domain-broker/le-providers/dns.go:74.80,76.2 1 0
github.com/18f/cf-domain-broker/cmd/main.go:29.13,33.16 3 0
github.com/18f/cf-domain-broker/cmd/main.go:38.2,46.16 6 0
github.com/18f/cf-domain-broker/cmd/main.go:59.2,61.130 2 0
github.com/18f/cf-domain-broker/cmd/main.go:65.2,67.16 3 0
github.com/18f/cf-domain-broker/cmd/main.go:70.2,84.64 5 0
github.com/18f/cf-domain-broker/cmd/main.go:33.16,34.13 1 0
github.com/18f/cf-domain-broker/cmd/main.go:46.16,48.3 1 0
github.com/18f/cf-domain-broker/cmd/main.go:61.130,63.3 1 0
github.com/18f/cf-domain-broker/cmd/main.go:67.16,69.3 1 0
github.com/18f/cf-domain-broker/cmd/main.go:87.83,93.2 4 1
github.com/18f/cf-domain-broker/cmd/main.go:100.56,101.78 1 1
github.com/18f/cf-domain-broker/cmd/main.go:117.2,117.83 1 1
github.com/18f/cf-domain-broker/cmd/main.go:121.2,121.37 1 1
github.com/18f/cf-domain-broker/cmd/main.go:101.78,103.38 2 0
github.com/18f/cf-domain-broker/cmd/main.go:109.3,109.17 1 0
github.com/18f/cf-domain-broker/cmd/main.go:103.38,105.18 2 0
github.com/18f/cf-domain-broker/cmd/main.go:105.18,107.5 1 0
github.com/18f/cf-domain-broker/cmd/main.go:109.17,112.4 2 0
github.com/18f/cf-domain-broker/cmd/main.go:112.9,114.4 1 0
github.com/18f/cf-domain-broker/cmd/main.go:117.83,119.3 1 1
github.com/18f/cf-domain-broker/cmd/main.go:121.37,122.85 1 1
github.com/18f/cf-domain-broker/cmd/main.go:122.85,124.18 2 0
github.com/18f/cf-domain-broker/cmd/main.go:124.18,127.5 2 0
github.com/18f/cf-domain-broker/cmd/main.go:127.10,129.5 1 0
github.com/18f/cf-domain-broker/cmd/main.go:134.48,138.16 3 0
github.com/18f/cf-domain-broker/cmd/main.go:142.2,142.12 1 0
github.com/18f/cf-domain-broker/cmd/main.go:138.16,140.3 1 0
github.com/18f/cf-domain-broker/cmd/main.go:145.50,156.16 2 0
github.com/18f/cf-domain-broker/cmd/main.go:160.2,160.12 1 0
github.com/18f/cf-domain-broker/cmd/main.go:156.16,158.3 1 0
