mode: set
github.com/18f/cf-domain-broker/le-providers/client.go:25.181,41.16 6 1
github.com/18f/cf-domain-broker/le-providers/client.go:47.2,48.30 2 1
github.com/18f/cf-domain-broker/le-providers/client.go:51.2,56.30 2 1
github.com/18f/cf-domain-broker/le-providers/client.go:62.2,62.145 1 1
github.com/18f/cf-domain-broker/le-providers/client.go:67.2,69.15 2 1
github.com/18f/cf-domain-broker/le-providers/client.go:41.16,44.3 2 1
github.com/18f/cf-domain-broker/le-providers/client.go:48.30,50.3 1 0
github.com/18f/cf-domain-broker/le-providers/client.go:57.32,58.28 1 1
github.com/18f/cf-domain-broker/le-providers/client.go:59.10,59.10 0 0
github.com/18f/cf-domain-broker/le-providers/client.go:62.145,65.3 2 0
github.com/18f/cf-domain-broker/le-providers/client.go:72.103,76.55 3 0
github.com/18f/cf-domain-broker/le-providers/client.go:115.2,115.29 1 0
github.com/18f/cf-domain-broker/le-providers/client.go:122.2,122.29 1 0
github.com/18f/cf-domain-broker/le-providers/client.go:130.2,135.34 3 0
github.com/18f/cf-domain-broker/le-providers/client.go:140.2,145.19 2 0
github.com/18f/cf-domain-broker/le-providers/client.go:76.55,89.17 7 0
github.com/18f/cf-domain-broker/le-providers/client.go:95.3,95.29 1 0
github.com/18f/cf-domain-broker/le-providers/client.go:100.3,100.46 1 0
github.com/18f/cf-domain-broker/le-providers/client.go:89.17,92.4 2 0
github.com/18f/cf-domain-broker/le-providers/client.go:95.29,97.12 2 0
github.com/18f/cf-domain-broker/le-providers/client.go:100.46,102.27 1 0
github.com/18f/cf-domain-broker/le-providers/client.go:102.27,103.28 1 0
github.com/18f/cf-domain-broker/le-providers/client.go:103.28,108.6 2 0
github.com/18f/cf-domain-broker/le-providers/client.go:115.29,116.8 1 0
github.com/18f/cf-domain-broker/le-providers/client.go:116.8,118.4 1 0
github.com/18f/cf-domain-broker/le-providers/client.go:118.9,120.4 1 0
github.com/18f/cf-domain-broker/le-providers/client.go:122.29,123.13 1 0
github.com/18f/cf-domain-broker/le-providers/client.go:123.13,125.4 1 0
github.com/18f/cf-domain-broker/le-providers/client.go:125.9,127.4 1 0
github.com/18f/cf-domain-broker/le-providers/client.go:135.34,136.58 1 0
github.com/18f/cf-domain-broker/le-providers/client.go:136.58,138.4 1 0
github.com/18f/cf-domain-broker/le-providers/dns.go:24.113,26.2 1 0
github.com/18f/cf-domain-broker/le-providers/dns.go:29.79,31.2 1 0
github.com/18f/cf-domain-broker/le-providers/dns.go:46.42,49.94 3 0
github.com/18f/cf-domain-broker/le-providers/dns.go:53.2,53.126 1 0
github.com/18f/cf-domain-broker/le-providers/dns.go:57.2,57.34 1 0
github.com/18f/cf-domain-broker/le-providers/dns.go:61.2,61.21 1 0
github.com/18f/cf-domain-broker/le-providers/dns.go:49.94,51.13 1 0
github.com/18f/cf-domain-broker/le-providers/dns.go:53.126,55.13 1 0
github.com/18f/cf-domain-broker/le-providers/dns.go:57.34,59.13 1 0
github.com/18f/cf-domain-broker/le-providers/dns.go:65.80,78.55 5 0
github.com/18f/cf-domain-broker/le-providers/dns.go:84.2,84.12 1 0
github.com/18f/cf-domain-broker/le-providers/dns.go:78.55,83.3 2 0
github.com/18f/cf-domain-broker/le-providers/dns.go:88.80,92.55 2 0
github.com/18f/cf-domain-broker/le-providers/dns.go:96.2,96.12 1 0
github.com/18f/cf-domain-broker/le-providers/dns.go:92.55,95.3 2 0
github.com/18f/cf-domain-broker/cmd/main.go:30.13,34.16 3 0
github.com/18f/cf-domain-broker/cmd/main.go:39.2,47.16 6 0
github.com/18f/cf-domain-broker/cmd/main.go:51.2,57.54 2 0
github.com/18f/cf-domain-broker/cmd/main.go:61.2,73.16 3 0
github.com/18f/cf-domain-broker/cmd/main.go:77.2,84.48 3 0
github.com/18f/cf-domain-broker/cmd/main.go:88.2,90.64 3 0
github.com/18f/cf-domain-broker/cmd/main.go:34.16,35.13 1 0
github.com/18f/cf-domain-broker/cmd/main.go:47.16,49.3 1 0
github.com/18f/cf-domain-broker/cmd/main.go:57.54,59.3 1 0
github.com/18f/cf-domain-broker/cmd/main.go:73.16,76.3 1 0
github.com/18f/cf-domain-broker/cmd/main.go:84.48,86.3 1 0
github.com/18f/cf-domain-broker/cmd/main.go:93.83,99.2 4 1
github.com/18f/cf-domain-broker/cmd/main.go:106.56,107.78 1 1
github.com/18f/cf-domain-broker/cmd/main.go:123.2,123.83 1 1
github.com/18f/cf-domain-broker/cmd/main.go:127.2,127.37 1 1
github.com/18f/cf-domain-broker/cmd/main.go:107.78,109.38 2 0
github.com/18f/cf-domain-broker/cmd/main.go:115.3,115.17 1 0
github.com/18f/cf-domain-broker/cmd/main.go:109.38,111.18 2 0
github.com/18f/cf-domain-broker/cmd/main.go:111.18,113.5 1 0
github.com/18f/cf-domain-broker/cmd/main.go:115.17,118.4 2 0
github.com/18f/cf-domain-broker/cmd/main.go:118.9,120.4 1 0
github.com/18f/cf-domain-broker/cmd/main.go:123.83,125.3 1 1
github.com/18f/cf-domain-broker/cmd/main.go:127.37,128.85 1 1
github.com/18f/cf-domain-broker/cmd/main.go:128.85,130.18 2 0
github.com/18f/cf-domain-broker/cmd/main.go:130.18,133.5 2 0
github.com/18f/cf-domain-broker/cmd/main.go:133.10,135.5 1 0
github.com/18f/cf-domain-broker/cmd/main.go:140.48,144.16 3 0
github.com/18f/cf-domain-broker/cmd/main.go:148.2,148.12 1 0
github.com/18f/cf-domain-broker/cmd/main.go:144.16,146.3 1 0
github.com/18f/cf-domain-broker/cmd/main.go:151.50,162.16 2 0
github.com/18f/cf-domain-broker/cmd/main.go:166.2,166.12 1 0
github.com/18f/cf-domain-broker/cmd/main.go:162.16,164.3 1 0
github.com/18f/cf-domain-broker/broker/broker.go:29.80,58.2 3 1
github.com/18f/cf-domain-broker/broker/broker.go:60.60,93.2 4 1
github.com/18f/cf-domain-broker/broker/broker.go:95.165,105.19 4 1
github.com/18f/cf-domain-broker/broker/broker.go:111.2,112.40 2 1
github.com/18f/cf-domain-broker/broker/broker.go:119.2,119.18 1 1
github.com/18f/cf-domain-broker/broker/broker.go:126.2,130.16 4 1
github.com/18f/cf-domain-broker/broker/broker.go:151.2,157.27 3 1
github.com/18f/cf-domain-broker/broker/broker.go:162.2,170.16 3 1
github.com/18f/cf-domain-broker/broker/broker.go:177.2,177.58 1 1
github.com/18f/cf-domain-broker/broker/broker.go:105.19,108.3 2 0
github.com/18f/cf-domain-broker/broker/broker.go:112.40,113.32 1 1
github.com/18f/cf-domain-broker/broker/broker.go:113.32,115.4 1 1
github.com/18f/cf-domain-broker/broker/broker.go:119.18,123.3 3 0
github.com/18f/cf-domain-broker/broker/broker.go:131.32,132.78 1 0
github.com/18f/cf-domain-broker/broker/broker.go:136.35,137.83 1 1
github.com/18f/cf-domain-broker/broker/broker.go:141.3,142.47 2 1
github.com/18f/cf-domain-broker/broker/broker.go:147.3,147.28 1 1
github.com/18f/cf-domain-broker/broker/broker.go:132.78,135.4 2 0
github.com/18f/cf-domain-broker/broker/broker.go:137.83,140.4 2 0
github.com/18f/cf-domain-broker/broker/broker.go:142.47,146.4 3 1
github.com/18f/cf-domain-broker/broker/broker.go:147.28,149.4 1 1
github.com/18f/cf-domain-broker/broker/broker.go:157.27,160.3 2 0
github.com/18f/cf-domain-broker/broker/broker.go:170.16,175.3 2 0
github.com/18f/cf-domain-broker/broker/broker.go:180.169,182.16 2 1
github.com/18f/cf-domain-broker/broker/broker.go:186.2,187.16 2 1
github.com/18f/cf-domain-broker/broker/broker.go:191.2,191.58 1 1
github.com/18f/cf-domain-broker/broker/broker.go:182.16,184.3 1 0
github.com/18f/cf-domain-broker/broker/broker.go:187.16,189.3 1 0
github.com/18f/cf-domain-broker/broker/broker.go:194.115,196.2 1 0
github.com/18f/cf-domain-broker/broker/broker.go:199.154,202.16 2 0
github.com/18f/cf-domain-broker/broker/broker.go:206.2,208.16 3 0
github.com/18f/cf-domain-broker/broker/broker.go:212.2,212.40 1 0
github.com/18f/cf-domain-broker/broker/broker.go:202.16,204.3 1 0
github.com/18f/cf-domain-broker/broker/broker.go:208.16,210.3 1 0
github.com/18f/cf-domain-broker/broker/broker.go:215.136,223.16 4 0
github.com/18f/cf-domain-broker/broker/broker.go:228.2,229.16 2 0
github.com/18f/cf-domain-broker/broker/broker.go:234.2,234.17 1 0
github.com/18f/cf-domain-broker/broker/broker.go:255.2,255.20 1 0
github.com/18f/cf-domain-broker/broker/broker.go:223.16,226.3 2 0
github.com/18f/cf-domain-broker/broker/broker.go:229.16,232.3 2 0
github.com/18f/cf-domain-broker/broker/broker.go:235.35,237.17 2 0
github.com/18f/cf-domain-broker/broker/broker.go:240.3,243.9 1 0
github.com/18f/cf-domain-broker/broker/broker.go:244.37,248.9 1 0
github.com/18f/cf-domain-broker/broker/broker.go:249.10,253.9 1 0
github.com/18f/cf-domain-broker/broker/broker.go:237.17,239.4 1 0
github.com/18f/cf-domain-broker/broker/broker.go:258.149,260.2 1 1
github.com/18f/cf-domain-broker/broker/broker.go:262.156,264.2 1 1
github.com/18f/cf-domain-broker/broker/broker.go:266.115,268.2 1 1
github.com/18f/cf-domain-broker/broker/broker.go:270.152,272.2 1 1
github.com/18f/cf-domain-broker/broker/broker.go:274.86,279.2 1 1
github.com/18f/cf-domain-broker/broker/broker.go:281.111,282.23 1 0
github.com/18f/cf-domain-broker/broker/broker.go:287.2,289.16 3 0
github.com/18f/cf-domain-broker/broker/broker.go:292.2,292.8 1 0
github.com/18f/cf-domain-broker/broker/broker.go:282.23,285.3 2 0
github.com/18f/cf-domain-broker/broker/broker.go:289.16,291.3 1 0
github.com/18f/cf-domain-broker/broker/broker.go:295.118,297.16 2 0
github.com/18f/cf-domain-broker/broker/broker.go:301.2,301.31 1 0
github.com/18f/cf-domain-broker/broker/broker.go:306.2,307.41 2 0
github.com/18f/cf-domain-broker/broker/broker.go:311.2,312.8 2 0
github.com/18f/cf-domain-broker/broker/broker.go:297.16,299.3 1 0
github.com/18f/cf-domain-broker/broker/broker.go:301.31,304.3 2 0
github.com/18f/cf-domain-broker/broker/broker.go:307.41,309.3 1 0
github.com/18f/cf-domain-broker/broker/broker.go:315.76,318.33 3 0
github.com/18f/cf-domain-broker/broker/broker.go:334.2,334.24 1 0
github.com/18f/cf-domain-broker/broker/broker.go:340.2,340.12 1 0
github.com/18f/cf-domain-broker/broker/broker.go:318.33,319.57 1 0
github.com/18f/cf-domain-broker/broker/broker.go:319.57,324.35 2 0
github.com/18f/cf-domain-broker/broker/broker.go:330.4,330.90 1 0
github.com/18f/cf-domain-broker/broker/broker.go:324.35,326.19 2 0
github.com/18f/cf-domain-broker/broker/broker.go:326.19,328.6 1 0
github.com/18f/cf-domain-broker/broker/broker.go:334.24,335.25 1 0
github.com/18f/cf-domain-broker/broker/broker.go:338.3,338.78 1 0
github.com/18f/cf-domain-broker/broker/broker.go:335.25,337.4 1 0
